2018-04-16 21:37:34,764 - login - INFO - 用户fan登陆了系统！
2018-04-16 21:37:38,854 - view - INFO - fan执行了查询账户操作！
2018-04-16 21:37:52,946 - transfer - INFO - fan用户执行了转账操作！
2018-04-16 21:38:04,048 - pay_back - INFO - fan用户执行了还款操作!
2018-04-16 22:56:13,107 - login - INFO - 用户fan登陆了系统！
2018-04-16 22:56:15,283 - exit - INFO - 用户fan退出
2018-04-16 22:56:24,721 - login - INFO - 用户cai登陆了系统！
2018-04-16 22:56:28,505 - exit - INFO - 用户cai退出
2018-04-16 22:58:47,382 - login - INFO - 用户fan登陆了系统！
2018-04-17 09:29:26,702 - login - INFO - 用户fan登陆了系统！
2018-04-17 09:29:35,679 - view - INFO - fan执行了查询账户操作！
2018-04-17 09:29:43,611 - draw - INFO - fan执行了取现操作！
2018-04-17 09:29:46,663 - exit - INFO - 用户fan退出
2018-04-17 09:30:26,051 - login - INFO - 用户fan登陆了系统！
2018-04-17 09:30:31,521 - pay_back - INFO - fan用户执行了还款操作!
2018-04-17 09:30:33,487 - exit - INFO - 用户fan退出
2018-04-17 09:36:24,227 - login - INFO - 用户fan登陆了系统！
2018-04-17 09:36:30,537 - view - INFO - 用户fan执行了查询账户操作！
2018-04-17 09:36:54,812 - draw - INFO - 用户fan执行了取现操作！
2018-04-17 09:37:04,049 - transfer - INFO - 用户fan执行了转账操作！
2018-04-17 09:38:34,261 - pay_back - INFO - 用户fan执行了还款操作!
2018-04-17 09:38:42,554 - exit - INFO - 用户fan退出登录！
2018-04-17 09:38:49,727 - login - INFO - 用户fan登陆了系统！
2018-04-17 09:39:03,611 - transfer - INFO - 用户fan执行了转账操作！
2018-04-17 09:40:16,367 - login - INFO - 用户fan登陆了系统！
2018-04-17 09:40:23,164 - transfer - INFO - 用户fan执行了转账操作！
2018-04-17 09:40:59,511 - login - INFO - 用户fan登陆了系统！
2018-04-17 09:41:08,322 - transfer - INFO - 用户fan执行了转账操作！
2018-04-17 09:42:55,049 - login - INFO - 用户fan登陆了系统！
2018-04-17 09:43:01,885 - transfer - INFO - 用户fan执行了转账操作！
2018-04-18 11:08:31,440 - login - INFO - 用户fan登陆了系统！
2018-04-18 11:14:22,032 - login - INFO - 用户fan登陆了系统！
2018-04-18 11:14:24,857 - view - INFO - 用户fan执行了查询账户操作！
2018-04-18 11:14:28,840 - exit - INFO - 用户fan退出登录！